0 info it worked if it ends with ok
1 verbose cli [ '/usr/local/bin/node',
1 verbose cli   '/usr/local/bin/npm',
1 verbose cli   'install',
1 verbose cli   'express-parser',
1 verbose cli   '--save' ]
2 info using npm@1.4.28
3 info using node@v0.10.36
4 verbose readDependencies using package.json deps
5 verbose cache add [ 'express-parser', null ]
6 verbose cache add name=undefined spec="express-parser" args=["express-parser",null]
7 verbose parsed url { protocol: null,
7 verbose parsed url   slashes: null,
7 verbose parsed url   auth: null,
7 verbose parsed url   host: null,
7 verbose parsed url   port: null,
7 verbose parsed url   hostname: null,
7 verbose parsed url   hash: null,
7 verbose parsed url   search: null,
7 verbose parsed url   query: null,
7 verbose parsed url   pathname: 'express-parser',
7 verbose parsed url   path: 'express-parser',
7 verbose parsed url   href: 'express-parser' }
8 silly lockFile 34cfea3c-express-parser express-parser
9 verbose lock express-parser /home/ubuntu/.npm/34cfea3c-express-parser.lock
10 silly lockFile 34cfea3c-express-parser express-parser
11 silly lockFile 34cfea3c-express-parser express-parser
12 verbose addNamed [ 'express-parser', '' ]
13 verbose addNamed [ null, '*' ]
14 silly lockFile 4f6e0826-express-parser express-parser@
15 verbose lock express-parser@ /home/ubuntu/.npm/4f6e0826-express-parser.lock
16 silly addNameRange { name: 'express-parser', range: '*', hasData: false }
17 verbose request where is /express-parser
18 verbose request registry https://registry.npmjs.org/
19 verbose request id 6db19c82f940812a
20 verbose url raw /express-parser
21 verbose url resolving [ 'https://registry.npmjs.org/', './express-parser' ]
22 verbose url resolved https://registry.npmjs.org/express-parser
23 verbose request where is https://registry.npmjs.org/express-parser
24 info trying registry request attempt 1 at 10:11:08
25 http GET https://registry.npmjs.org/express-parser
26 http 404 https://registry.npmjs.org/express-parser
27 verbose headers { date: 'Fri, 06 Feb 2015 09:11:11 GMT',
27 verbose headers   server: 'CouchDB/1.5.0 (Erlang OTP/R16B03)',
27 verbose headers   'content-type': 'application/json',
27 verbose headers   'cache-control': 'max-age=0',
27 verbose headers   'content-length': '52',
27 verbose headers   'accept-ranges': 'bytes',
27 verbose headers   via: '1.1 varnish',
27 verbose headers   age: '0',
27 verbose headers   'x-served-by': 'cache-fra1230-FRA',
27 verbose headers   'x-cache': 'MISS',
27 verbose headers   'x-cache-hits': '0',
27 verbose headers   'x-timer': 'S1423213870.935144,VS0,VE102',
27 verbose headers   'keep-alive': 'timeout=10, max=50',
27 verbose headers   connection: 'Keep-Alive' }
28 silly registry.get cb [ 404,
28 silly registry.get   { date: 'Fri, 06 Feb 2015 09:11:11 GMT',
28 silly registry.get     server: 'CouchDB/1.5.0 (Erlang OTP/R16B03)',
28 silly registry.get     'content-type': 'application/json',
28 silly registry.get     'cache-control': 'max-age=0',
28 silly registry.get     'content-length': '52',
28 silly registry.get     'accept-ranges': 'bytes',
28 silly registry.get     via: '1.1 varnish',
28 silly registry.get     age: '0',
28 silly registry.get     'x-served-by': 'cache-fra1230-FRA',
28 silly registry.get     'x-cache': 'MISS',
28 silly registry.get     'x-cache-hits': '0',
28 silly registry.get     'x-timer': 'S1423213870.935144,VS0,VE102',
28 silly registry.get     'keep-alive': 'timeout=10, max=50',
28 silly registry.get     connection: 'Keep-Alive' } ]
29 silly lockFile 4f6e0826-express-parser express-parser@
30 silly lockFile 4f6e0826-express-parser express-parser@
31 error 404 404 Not Found: express-parser
31 error 404
31 error 404 'express-parser' is not in the npm registry.
31 error 404 You should bug the author to publish it
31 error 404 It was specified as a dependency of 'server'
31 error 404
31 error 404 Note that you can also install from a
31 error 404 tarball, folder, or http url, or git url.
32 error System Linux 3.13.0-45-generic
33 error command "/usr/local/bin/node" "/usr/local/bin/npm" "install" "express-parser" "--save"
34 error cwd /home/ubuntu/WebstormProjects/server
35 error node -v v0.10.36
36 error npm -v 1.4.28
37 error code E404
38 verbose exit [ 1, true ]
